<?xml version="1.0" encoding="UTF-8"?>
<testng-results ignored="0" total="1" passed="1" failed="0" skipped="0">
  <reporter-output>
  </reporter-output>
  <suite started-at="2019-11-06T09:38:49Z" name="IBanking1" finished-at="2019-11-06T09:39:02Z" duration-ms="13000">
    <groups>
    </groups>
    <test started-at="2019-11-06T09:38:49Z" name="BankingApp Test" finished-at="2019-11-06T09:39:02Z" duration-ms="13000">
      <class name="com.IBanking.Testcases.TC_LoginPage_001">
        <test-method is-config="true" signature="setup(java.lang.String)[pri:0, instance:com.IBanking.Testcases.TC_LoginPage_001@75c072cb]" started-at="2019-11-06T09:38:49Z" name="setup" finished-at="2019-11-06T09:39:01Z" duration-ms="12309" status="PASS">
          <params>
            <param index="0">
              <value>
                <![CDATA[safari]]>
              </value>
            </param>
          </params>
          <reporter-output>
          </reporter-output>
        </test-method> <!-- setup -->
        <test-method signature="logintest()[pri:0, instance:com.IBanking.Testcases.TC_LoginPage_001@75c072cb]" started-at="2019-11-06T09:39:01Z" name="logintest" finished-at="2019-11-06T09:39:02Z" duration-ms="325" status="PASS">
          <reporter-output>
          </reporter-output>
        </test-method> <!-- logintest -->
        <test-method is-config="true" signature="tearDown()[pri:0, instance:com.IBanking.Testcases.TC_LoginPage_001@75c072cb]" started-at="2019-11-06T09:39:02Z" name="tearDown" finished-at="2019-11-06T09:39:02Z" duration-ms="110" status="PASS">
          <reporter-output>
          </reporter-output>
        </test-method> <!-- tearDown -->
      </class> <!-- com.IBanking.Testcases.TC_LoginPage_001 -->
    </test> <!-- BankingApp Test -->
  </suite> <!-- IBanking1 -->
</testng-results>
